2026-06-06 12:02:50 [main] INFO  base.BaseTest - 🚀 Initializing browser automation setup...
2026-06-06 12:02:57 [main] INFO  base.BaseTest - 🌐 Chrome Browser launched and maximized successfully.
2026-06-06 12:02:57 [main] INFO  base.BaseTest - 📊 Fetching test execution metrics from Excel sheet: BookingSheet
2026-06-06 12:03:01 [main] INFO  base.BaseTest - 🔒 Browser instance terminated cleanly.
2026-06-06 12:08:22 [main] INFO  base.BaseTest - 🚀 Initializing browser automation setup...
2026-06-06 12:08:27 [main] INFO  base.BaseTest - 🌐 Chrome Browser launched and maximized successfully.
2026-06-06 12:08:27 [main] INFO  base.BaseTest - 📊 Fetching test execution metrics from Excel sheet: BookingSheet
2026-06-06 12:08:31 [main] INFO  base.BaseTest - 🔒 Browser instance terminated cleanly.
2026-06-06 12:11:01 [main] INFO  base.BaseTest - 🚀 Initializing browser automation setup...
2026-06-06 12:11:06 [main] INFO  base.BaseTest - 🌐 Chrome Browser launched and maximized successfully.
2026-06-06 12:11:06 [main] INFO  base.BaseTest - 📊 Fetching test execution metrics from Excel sheet: BookingSheet
2026-06-06 12:11:09 [main] INFO  base.BaseTest - 🔒 Browser instance terminated cleanly.
2026-06-06 12:16:23 [main] INFO  base.BaseTest - 🚀 Initializing browser automation setup...
2026-06-06 12:16:27 [main] INFO  base.BaseTest - 🌐 Chrome Browser launched and maximized successfully.
2026-06-06 12:16:28 [main] INFO  base.BaseTest - 📊 Fetching test execution metrics from Excel sheet: BookingSheet
2026-06-06 12:16:30 [main] INFO  base.BaseTest - 🔒 Browser instance terminated cleanly.
2026-06-06 12:17:16 [main] INFO  base.BaseTest - 🚀 Initializing browser automation setup...
2026-06-06 12:17:22 [main] INFO  base.BaseTest - 🌐 Chrome Browser launched and maximized successfully.
2026-06-06 12:17:22 [main] INFO  base.BaseTest - 📊 Fetching test execution metrics from Excel sheet: BookingSheet
2026-06-06 12:17:24 [main] INFO  base.BaseTest - 🎯 Starting End-to-End Flight Booking journey validation test loop.
2026-06-06 12:17:24 [main] INFO  base.BaseTest - 🌐 Navigating browser session context directly to: https://blazedemo.com/index.php
2026-06-06 12:17:26 [main] INFO  base.BaseTest - 🛫 Selecting Departure City: Paris | Destination City: Buenos Aires
2026-06-06 12:17:27 [main] INFO  base.BaseTest - 🔍 Reviewing structural layout grid matching flight routing paths...
2026-06-06 12:17:27 [main] INFO  base.BaseTest - 🖱️ Clicking first available active airliner option...
2026-06-06 12:17:28 [main] INFO  base.BaseTest - 💵 Extracted total customer checkout pricing summary: 914.76
2026-06-06 12:17:28 [main] INFO  base.BaseTest - ✍️ Typing reservation customer and payment field sets for: John Doe
2026-06-06 12:17:32 [main] INFO  base.BaseTest - 📄 Verification receipt record returned message banner: Thank you for your purchase today!
2026-06-06 12:17:32 [main] INFO  base.BaseTest - 📸 Triggering manual checkpoint screenshot: FlightBookingConfirmation
2026-06-06 12:17:32 [main] INFO  base.BaseTest - 🏁 Concluding test thread block. Compiling assertion diagnostics parameters...
2026-06-06 12:17:33 [main] INFO  base.BaseTest - 🔒 Browser instance terminated cleanly.
2026-06-06 12:22:30 [main] INFO  base.BaseTest - 🚀 Initializing browser automation setup...
2026-06-06 12:22:35 [main] INFO  base.BaseTest - 🌐 Chrome Browser launched and maximized successfully.
2026-06-06 12:22:35 [main] INFO  base.BaseTest - 📊 Fetching test execution metrics from Excel sheet: BookingSheet
2026-06-06 12:22:37 [main] INFO  base.BaseTest - 🎯 Starting End-to-End Flight Booking journey validation test loop.
2026-06-06 12:22:37 [main] INFO  base.BaseTest - 🌐 Navigating browser session context directly to: https://blazedemo.com/index.php
2026-06-06 12:22:38 [main] INFO  base.BaseTest - 🛫 Selecting Departure City: Paris | Destination City: Buenos Aires
2026-06-06 12:22:40 [main] INFO  base.BaseTest - 🔍 Reviewing structural layout grid matching flight routing paths...
2026-06-06 12:22:40 [main] INFO  base.BaseTest - 🖱️ Clicking first available active airliner option...
2026-06-06 12:22:41 [main] INFO  base.BaseTest - 💵 Extracted total customer checkout pricing summary: 914.76
2026-06-06 12:22:41 [main] INFO  base.BaseTest - ✍️ Typing reservation customer and payment field sets for: John Doe
2026-06-06 12:22:43 [main] INFO  base.BaseTest - 📄 Verification receipt record returned message banner: Thank you for your purchase today!
2026-06-06 12:22:43 [main] INFO  base.BaseTest - 📸 Triggering manual checkpoint screenshot: FlightBookingConfirmation
2026-06-06 12:22:43 [main] INFO  base.BaseTest - 🏁 Concluding test thread block. Compiling assertion diagnostics parameters...
2026-06-06 12:22:44 [main] INFO  base.BaseTest - 🔒 Browser instance terminated cleanly.
2026-06-08 12:46:51 [main] INFO  base.BaseTest - Initializing browser automation setup.
2026-06-08 12:47:06 [main] INFO  base.BaseTest - Chrome Browser launched and maximized successfully.
2026-06-08 12:47:07 [main] INFO  base.BaseTest - Starting Step 1: Validating broken login and registration boundaries.
2026-06-08 12:47:07 [main] INFO  base.BaseTest - Navigating browser session context directly to: https://blazedemo.com/index.php
2026-06-08 12:47:15 [main] INFO  base.BaseTest - Injecting demo registration dataset values.
2026-06-08 12:47:18 [main] INFO  base.BaseTest - Triggering manual checkpoint screenshot: Registration_419_Error_Page
2026-06-08 12:47:19 [main] INFO  base.BaseTest - Registration 419 Page Verified Successfully.
2026-06-08 12:47:19 [main] INFO  base.BaseTest - Injecting demo login credential sets.
2026-06-08 12:47:21 [main] INFO  base.BaseTest - Triggering manual checkpoint screenshot: Login_419_Error_Page
2026-06-08 12:47:21 [main] INFO  base.BaseTest - Login 419 Page Verified Successfully.
2026-06-08 12:47:21 [main] INFO  base.BaseTest - Browser context successfully restored to main BlazeDemo landing matrix.
2026-06-08 12:47:21 [main] INFO  base.BaseTest - Fetching test execution metrics from Excel sheet: BookingSheet
2026-06-08 12:47:26 [main] INFO  base.BaseTest - Starting Step 2: Route selection mapping.
2026-06-08 12:47:26 [main] INFO  base.BaseTest - Selecting Departure City: Paris, Destination City: London
2026-06-08 12:47:28 [main] INFO  base.BaseTest - Starting Step 2: Route selection mapping.
2026-06-08 12:47:28 [main] INFO  base.BaseTest - Selecting Departure City: Portland, Destination City: Rome
2026-06-08 12:47:38 [main] INFO  base.BaseTest - Starting Step 2: Route selection mapping.
2026-06-08 12:47:38 [main] INFO  base.BaseTest - Selecting Departure City: Boston, Destination City: Berlin
2026-06-08 12:47:54 [main] INFO  base.BaseTest - Browser instance terminated cleanly.
2026-06-08 13:10:46 [main] INFO  base.BaseTest - Initializing browser automation setup.
2026-06-08 13:10:55 [main] INFO  base.BaseTest - Chrome Browser launched and maximized successfully.
2026-06-08 13:10:55 [main] INFO  base.BaseTest - Starting Step 1: Validating broken login and registration boundaries.
2026-06-08 13:10:55 [main] INFO  base.BaseTest - Navigating browser session context directly to: https://blazedemo.com/index.php
2026-06-08 13:11:02 [main] INFO  base.BaseTest - Injecting demo registration dataset values.
2026-06-08 13:11:04 [main] INFO  base.BaseTest - Triggering manual checkpoint screenshot: Registration_419_Error_Page
2026-06-08 13:11:05 [main] INFO  base.BaseTest - Registration 419 Page Verified Successfully.
2026-06-08 13:11:05 [main] INFO  base.BaseTest - Injecting demo login credential sets.
2026-06-08 13:11:06 [main] INFO  base.BaseTest - Triggering manual checkpoint screenshot: Login_419_Error_Page
2026-06-08 13:11:06 [main] INFO  base.BaseTest - Login 419 Page Verified Successfully.
2026-06-08 13:11:06 [main] INFO  base.BaseTest - Browser context successfully restored to main BlazeDemo landing matrix.
2026-06-08 13:11:06 [main] INFO  base.BaseTest - Fetching test execution metrics from Excel sheet: BookingSheet
2026-06-08 13:11:08 [main] INFO  base.BaseTest - Starting Step 2: Route selection mapping.
2026-06-08 13:11:08 [main] INFO  base.BaseTest - Selecting Departure City: Paris, Destination City: London
2026-06-08 13:11:10 [main] INFO  base.BaseTest - Starting Step 2: Route selection mapping.
2026-06-08 13:11:10 [main] INFO  base.BaseTest - Selecting Departure City: Portland, Destination City: Rome
2026-06-08 13:11:21 [main] INFO  base.BaseTest - Starting Step 2: Route selection mapping.
2026-06-08 13:11:21 [main] INFO  base.BaseTest - Selecting Departure City: Boston, Destination City: Berlin
2026-06-08 13:11:33 [main] INFO  base.BaseTest - Browser instance terminated cleanly.
2026-06-08 14:40:22 [main] INFO  base.BaseTest - Initializing browser automation setup.
2026-06-08 14:40:37 [main] INFO  base.BaseTest - Chrome Browser launched and maximized successfully.
2026-06-08 14:40:37 [main] INFO  base.BaseTest - Starting Step 1: Validating broken login and registration boundaries.
2026-06-08 14:40:37 [main] INFO  base.BaseTest - Navigating browser session context directly to: https://blazedemo.com/index.php
2026-06-08 14:40:45 [main] INFO  base.BaseTest - Injecting demo registration dataset values.
2026-06-08 14:40:47 [main] INFO  base.BaseTest - Triggering manual checkpoint screenshot: Registration_419_Error_Page
2026-06-08 14:40:47 [main] INFO  base.BaseTest - Registration 419 Page Verified Successfully.
2026-06-08 14:40:47 [main] INFO  base.BaseTest - Injecting demo login credential sets.
2026-06-08 14:40:48 [main] INFO  base.BaseTest - Triggering manual checkpoint screenshot: Login_419_Error_Page
2026-06-08 14:40:49 [main] INFO  base.BaseTest - Login 419 Page Verified Successfully.
2026-06-08 14:40:49 [main] INFO  base.BaseTest - Browser context successfully restored to main BlazeDemo landing matrix.
2026-06-08 14:40:49 [main] INFO  base.BaseTest - Fetching test execution metrics from Excel sheet: BookingSheet
2026-06-08 14:40:51 [main] INFO  base.BaseTest - Starting Step 2: Route selection mapping.
2026-06-08 14:40:51 [main] INFO  base.BaseTest - Selecting Departure City: Paris, Destination City: London
2026-06-08 14:40:53 [main] INFO  base.BaseTest - Starting Step 2: Route selection mapping.
2026-06-08 14:40:53 [main] INFO  base.BaseTest - Selecting Departure City: Portland, Destination City: Rome
2026-06-08 14:41:04 [main] INFO  base.BaseTest - Starting Step 2: Route selection mapping.
2026-06-08 14:41:04 [main] INFO  base.BaseTest - Selecting Departure City: Boston, Destination City: Berlin
2026-06-08 14:41:15 [main] INFO  base.BaseTest - Browser instance terminated cleanly.
2026-06-08 14:46:24 [main] INFO  base.BaseTest - Initializing browser automation setup.
2026-06-08 14:46:36 [main] INFO  base.BaseTest - Chrome Browser launched and maximized successfully.
2026-06-08 14:46:39 [main] INFO  base.BaseTest - 🏁 Starting Step Group Sequence for Passenger: John##Doe!!
2026-06-08 14:46:50 [main] INFO  base.BaseTest - Triggering manual checkpoint screenshot: JohnDoe_Registration_419_Error
2026-06-08 14:46:52 [main] INFO  base.BaseTest - Triggering manual checkpoint screenshot: JohnDoe_Login_419_Error
2026-06-08 14:46:52 [main] INFO  base.BaseTest - 🏁 Starting Step Group Sequence for Passenger: Amit_Sharma_$$
2026-06-08 14:46:57 [main] INFO  base.BaseTest - Triggering manual checkpoint screenshot: AmitSharma_Registration_419_Error
2026-06-08 14:46:58 [main] INFO  base.BaseTest - Triggering manual checkpoint screenshot: AmitSharma_Login_419_Error
2026-06-08 14:46:59 [main] INFO  base.BaseTest - 🏁 Starting Step Group Sequence for Passenger: <Admin>
2026-06-08 14:47:05 [main] INFO  base.BaseTest - Triggering manual checkpoint screenshot: Admin_Registration_419_Error
2026-06-08 14:47:07 [main] INFO  base.BaseTest - Triggering manual checkpoint screenshot: Admin_Login_419_Error
2026-06-08 14:47:07 [main] INFO  base.BaseTest - 🛫 Step 2: Running route search layout: Boston -> Berlin
2026-06-08 14:47:09 [main] INFO  base.BaseTest - 🔍 Step 3: Resolving flight grid table elements.
2026-06-08 14:47:11 [main] INFO  base.BaseTest - 💵 Step 4: Injecting boundaries parameters.
2026-06-08 14:47:35 [main] INFO  base.BaseTest - Browser instance terminated cleanly.
2026-06-08 14:50:38 [main] INFO  base.BaseTest - Initializing browser automation setup.
2026-06-08 14:51:02 [main] INFO  base.BaseTest - Chrome Browser launched and maximized successfully.
2026-06-08 14:51:06 [main] INFO  base.BaseTest - 🏁 Starting Step Sequence Loop Row for Passenger: John##Doe!!
2026-06-08 14:51:16 [main] INFO  base.BaseTest - Triggering manual checkpoint screenshot: JohnDoe_Registration_419_Error
2026-06-08 14:51:18 [main] INFO  base.BaseTest - Triggering manual checkpoint screenshot: JohnDoe_Login_419_Error
2026-06-08 14:51:18 [main] INFO  base.BaseTest - 🏁 Starting Step Sequence Loop Row for Passenger: Amit_Sharma_$$
2026-06-08 14:51:23 [main] INFO  base.BaseTest - Triggering manual checkpoint screenshot: AmitSharma_Registration_419_Error
2026-06-08 14:51:25 [main] INFO  base.BaseTest - Triggering manual checkpoint screenshot: AmitSharma_Login_419_Error
2026-06-08 14:51:25 [main] INFO  base.BaseTest - 🏁 Starting Step Sequence Loop Row for Passenger: <Admin>
2026-06-08 14:51:30 [main] INFO  base.BaseTest - Triggering manual checkpoint screenshot: Admin_Registration_419_Error
2026-06-08 14:51:31 [main] INFO  base.BaseTest - Triggering manual checkpoint screenshot: Admin_Login_419_Error
2026-06-08 14:51:32 [main] INFO  base.BaseTest - 🛫 Step 2: Running route mapping: Boston -> Berlin
2026-06-08 14:51:33 [main] INFO  base.BaseTest - 🔍 Step 3: Verifying flight grid matching options.
2026-06-08 14:51:34 [main] INFO  base.BaseTest - 💵 Step 4: Injecting boundaries parameters for: <Admin>
2026-06-08 14:52:07 [main] INFO  base.BaseTest - Browser instance terminated cleanly.
2026-06-08 14:58:11 [main] INFO  base.BaseTest - Initializing browser automation setup.
2026-06-08 14:58:18 [main] INFO  base.BaseTest - Chrome Browser launched and maximized successfully.
2026-06-08 14:58:18 [main] INFO  base.BaseTest - Starting Step 1: Running Portal Security Check (Once).
2026-06-08 14:58:27 [main] INFO  base.BaseTest - Injecting hardcoded registration placeholders.
2026-06-08 14:58:29 [main] INFO  base.BaseTest - Triggering manual checkpoint screenshot: Registration_419_Error_Page
2026-06-08 14:58:30 [main] INFO  base.BaseTest - Injecting hardcoded login placeholders.
2026-06-08 14:58:31 [main] INFO  base.BaseTest - Triggering manual checkpoint screenshot: Login_419_Error_Page
2026-06-08 14:58:32 [main] INFO  base.BaseTest - Step 1 Complete. Browser context resting clean on landing page.
2026-06-08 14:58:34 [main] INFO  base.BaseTest - Starting Step 2: Selecting Route -> Paris to London
2026-06-08 14:58:36 [main] INFO  base.BaseTest - Starting Step 2: Selecting Route -> Portland to Rome
2026-06-08 14:58:47 [main] INFO  base.BaseTest - Starting Step 2: Selecting Route -> Boston to Berlin
2026-06-08 14:59:04 [main] INFO  base.BaseTest - Browser instance terminated cleanly.
2026-06-08 15:12:58 [main] INFO  base.BaseTest - Initializing browser automation setup.
2026-06-08 15:13:15 [main] INFO  base.BaseTest - Chrome Browser launched and maximized successfully.
2026-06-08 15:13:15 [main] INFO  base.BaseTest - 🎯 Starting Step 1: Portal Security Regression Sweep (Once).
2026-06-08 15:13:15 [main] INFO  base.BaseTest - Navigating session directly to application index: https://blazedemo.com/index.php
2026-06-08 15:13:22 [main] INFO  base.BaseTest - Injecting hardcoded registration parameters.
2026-06-08 15:13:25 [main] INFO  base.BaseTest - Triggering manual checkpoint screenshot: Registration_419_Error_Page
2026-06-08 15:13:26 [main] INFO  base.BaseTest - Injecting hardcoded login parameters.
2026-06-08 15:13:28 [main] INFO  base.BaseTest - Triggering manual checkpoint screenshot: Login_419_Error_Page
2026-06-08 15:13:28 [main] INFO  base.BaseTest - Step 1 Complete. Base browser view anchoring cleanly on root landing grid.
2026-06-08 15:13:30 [main] INFO  base.BaseTest - Browser instance terminated cleanly.
2026-06-08 15:20:01 [main] INFO  base.BaseTest - Initializing browser automation setup.
2026-06-08 15:20:12 [main] INFO  base.BaseTest - Chrome Browser launched and maximized successfully.
2026-06-08 15:20:12 [main] INFO  base.BaseTest - 🎯 Starting Step 1: Portal Security Regression Sweep (Once).
2026-06-08 15:20:12 [main] INFO  base.BaseTest - Navigating session directly to application index: https://blazedemo.com/index.php
2026-06-08 15:20:21 [main] INFO  base.BaseTest - Injecting hardcoded registration placeholders.
2026-06-08 15:20:24 [main] INFO  base.BaseTest - Triggering manual checkpoint screenshot: Registration_419_Error_Page
2026-06-08 15:20:24 [main] INFO  base.BaseTest - Registration 419 Page Verified Successfully.
2026-06-08 15:20:24 [main] INFO  base.BaseTest - Injecting hardcoded login placeholders.
2026-06-08 15:20:26 [main] INFO  base.BaseTest - Triggering manual checkpoint screenshot: Login_419_Error_Page
2026-06-08 15:20:26 [main] INFO  base.BaseTest - Login 419 Page Verified Successfully.
2026-06-08 15:20:26 [main] INFO  base.BaseTest - Step 1 Complete. Base browser view anchoring cleanly on root landing grid.
2026-06-08 15:20:29 [main] INFO  base.BaseTest - 🔄 Running Suite Loop for Excel Data Row Index: [1 of 3]
2026-06-08 15:20:29 [main] INFO  base.BaseTest - Starting Step 2: Selecting Route -> Paris to London
2026-06-08 15:20:31 [main] INFO  base.BaseTest - Starting Step 3: Verifying flight grid selection tables.
2026-06-08 15:20:32 [main] INFO  base.BaseTest - Starting Step 4: Injecting passenger details for profile: John##Doe!!
2026-06-08 15:20:34 [main] INFO  base.BaseTest - Triggering manual checkpoint screenshot: FormInputCheckpoint_Passenger_JohnDoe
2026-06-08 15:20:36 [main] INFO  base.BaseTest - Starting Step 5: Asserting completion receipts for passenger: John##Doe!!
2026-06-08 15:20:36 [main] INFO  base.BaseTest - Triggering manual checkpoint screenshot: FinalBookingConfirmationReceipt_JohnDoe
2026-06-08 15:20:46 [main] INFO  base.BaseTest - Browser instance terminated cleanly.
2026-06-08 15:47:35 [main] INFO  base.BaseTest - Initializing browser automation setup.
2026-06-08 15:47:47 [main] INFO  base.BaseTest - Chrome Browser launched and maximized successfully.
2026-06-08 15:47:47 [main] INFO  base.BaseTest - 🎯 Starting Step 1: Portal Security Regression Sweep (Once).
2026-06-08 15:47:47 [main] INFO  base.BaseTest - Navigating session directly to application index: https://blazedemo.com/index.php
2026-06-08 15:48:00 [main] INFO  base.BaseTest - Injecting hardcoded registration placeholders.
2026-06-08 15:48:04 [main] INFO  base.BaseTest - Triggering manual checkpoint screenshot: Registration_419_Error_Page
2026-06-08 15:48:04 [main] INFO  base.BaseTest - Registration 419 Page Verified Successfully.
2026-06-08 15:48:04 [main] INFO  base.BaseTest - Injecting hardcoded login placeholders.
2026-06-08 15:48:05 [main] INFO  base.BaseTest - Triggering manual checkpoint screenshot: Login_419_Error_Page
2026-06-08 15:48:06 [main] INFO  base.BaseTest - Login 419 Page Verified Successfully.
2026-06-08 15:48:06 [main] INFO  base.BaseTest - Step 1 Complete. Base browser view anchoring cleanly on root landing grid.
2026-06-08 15:48:09 [main] INFO  base.BaseTest - 🛫 Step 2: Selecting Route -> Paris to London
2026-06-08 15:48:10 [main] INFO  base.BaseTest - Starting Step 3: Verifying flight grid selection tables.
2026-06-08 15:48:11 [main] INFO  base.BaseTest - 💵 Step 4: Injecting passenger details for: John##Doe!!
2026-06-08 15:48:13 [main] INFO  base.BaseTest - Triggering manual checkpoint screenshot: FormInputCheckpoint_Passenger_JohnDoe
2026-06-08 15:48:14 [main] INFO  base.BaseTest - Starting Step 5: Asserting completion receipts for passenger: John##Doe!!
2026-06-08 15:48:14 [main] INFO  base.BaseTest - Triggering manual checkpoint screenshot: FinalBookingConfirmationReceipt_JohnDoe
2026-06-08 15:48:30 [main] INFO  base.BaseTest - Browser instance terminated cleanly.
2026-06-08 15:57:47 [main] INFO  base.BaseTest - Initializing browser automation setup.
2026-06-08 15:57:53 [main] INFO  base.BaseTest - Chrome Browser launched and maximized successfully.
2026-06-08 15:57:53 [main] INFO  base.BaseTest - 🎯 Starting Step 1: Portal Security Regression Sweep (Once).
2026-06-08 15:57:53 [main] INFO  base.BaseTest - Navigating session directly to application index: https://blazedemo.com/index.php
2026-06-08 15:58:02 [main] INFO  base.BaseTest - Injecting hardcoded registration placeholders.
2026-06-08 15:58:06 [main] INFO  base.BaseTest - Triggering manual checkpoint screenshot: Registration_419_Error_Page
2026-06-08 15:58:07 [main] INFO  base.BaseTest - Browser instance terminated cleanly.
2026-06-08 15:58:55 [main] INFO  base.BaseTest - Initializing browser automation setup.
2026-06-08 15:59:00 [main] INFO  base.BaseTest - Chrome Browser launched and maximized successfully.
2026-06-08 15:59:00 [main] INFO  base.BaseTest - 🎯 Starting Step 1: Portal Security Regression Sweep (Once).
2026-06-08 15:59:00 [main] INFO  base.BaseTest - Navigating session directly to application index: https://blazedemo.com/index.php
2026-06-08 15:59:08 [main] INFO  base.BaseTest - Injecting hardcoded registration placeholders.
2026-06-08 15:59:10 [main] INFO  base.BaseTest - Triggering manual checkpoint screenshot: Registration_419_Error_Page
2026-06-08 15:59:10 [main] INFO  base.BaseTest - Registration 419 Page Verified Successfully.
2026-06-08 15:59:11 [main] INFO  base.BaseTest - Injecting hardcoded login placeholders.
2026-06-08 15:59:12 [main] INFO  base.BaseTest - Triggering manual checkpoint screenshot: Login_419_Error_Page
2026-06-08 15:59:12 [main] INFO  base.BaseTest - Login 419 Page Verified Successfully.
2026-06-08 15:59:12 [main] INFO  base.BaseTest - Step 1 Complete. Base browser view anchoring cleanly on root landing grid.
2026-06-08 15:59:14 [main] INFO  base.BaseTest - 🛫 Step 2: Selecting Route -> Paris to London
2026-06-08 15:59:16 [main] INFO  base.BaseTest - Starting Step 3: Verifying flight grid selection tables.
2026-06-08 15:59:17 [main] INFO  base.BaseTest - 💵 Step 4: Injecting passenger details for: John##Doe!!
2026-06-08 15:59:19 [main] INFO  base.BaseTest - Triggering manual checkpoint screenshot: FormInputCheckpoint_Passenger_JohnDoe
2026-06-08 15:59:20 [main] INFO  base.BaseTest - Starting Step 5: Asserting completion receipts for passenger: John##Doe!!
2026-06-08 15:59:20 [main] INFO  base.BaseTest - Triggering manual checkpoint screenshot: FinalBookingConfirmationReceipt_JohnDoe
2026-06-08 15:59:20 [main] INFO  base.BaseTest - 🔄 Row validation complete. Resetting browser context back to index landing page for next data row sequence.
2026-06-08 15:59:21 [main] INFO  base.BaseTest - 🛫 Step 2: Selecting Route -> Portland to Rome
2026-06-08 15:59:23 [main] INFO  base.BaseTest - Starting Step 3: Verifying flight grid selection tables.
2026-06-08 15:59:24 [main] INFO  base.BaseTest - 💵 Step 4: Injecting passenger details for: Amit_Sharma_$$
2026-06-08 15:59:47 [main] INFO  base.BaseTest - Browser instance terminated cleanly.
2026-06-08 16:05:25 [main] INFO  base.BaseTest - Initializing browser automation setup.
2026-06-08 16:05:33 [main] INFO  base.BaseTest - Chrome Browser launched and maximized successfully.
2026-06-08 16:05:34 [main] INFO  base.BaseTest - 🎯 Starting Step 1: Portal Security Regression Sweep (Once).
2026-06-08 16:05:34 [main] INFO  base.BaseTest - Navigating session directly to application index: https://blazedemo.com/index.php
2026-06-08 16:05:49 [main] INFO  base.BaseTest - Injecting hardcoded registration placeholders.
2026-06-08 16:06:04 [main] INFO  base.BaseTest - Triggering manual checkpoint screenshot: Registration_419_Error_Page
2026-06-08 16:06:04 [main] INFO  base.BaseTest - Registration 419 Page Verified Successfully.
2026-06-08 16:06:04 [main] INFO  base.BaseTest - Injecting hardcoded login placeholders.
2026-06-08 16:06:06 [main] INFO  base.BaseTest - Triggering manual checkpoint screenshot: Login_419_Error_Page
2026-06-08 16:06:06 [main] INFO  base.BaseTest - Login 419 Page Verified Successfully.
2026-06-08 16:06:06 [main] INFO  base.BaseTest - Step 1 Complete. Base browser view anchoring cleanly on root landing grid.
2026-06-08 16:06:09 [main] INFO  base.BaseTest - 🛫 Step 2: Selecting Route -> Paris to London
2026-06-08 16:06:11 [main] INFO  base.BaseTest - Starting Step 3: Verifying flight grid selection tables.
2026-06-08 16:06:12 [main] INFO  base.BaseTest - 💵 Step 4: Injecting passenger details for: John##Doe!!
2026-06-08 16:06:14 [main] INFO  base.BaseTest - Triggering manual checkpoint screenshot: FormInputCheckpoint_Passenger_JohnDoe
2026-06-08 16:06:15 [main] INFO  base.BaseTest - Starting Step 5: Asserting completion receipts for passenger: John##Doe!!
2026-06-08 16:06:15 [main] INFO  base.BaseTest - Triggering manual checkpoint screenshot: FinalBookingConfirmationReceipt_JohnDoe
2026-06-08 16:06:15 [main] INFO  base.BaseTest - 🔄 Row 1 complete. Resetting for next dataset.
2026-06-08 16:06:16 [main] INFO  base.BaseTest - 🛫 Step 2: Selecting Route -> Portland to Rome
2026-06-08 16:06:17 [main] INFO  base.BaseTest - Starting Step 3: Verifying flight grid selection tables.
2026-06-08 16:06:18 [main] INFO  base.BaseTest - 💵 Step 4: Injecting passenger details for: Amit_Sharma_$$
2026-06-08 16:06:30 [main] INFO  base.BaseTest - Browser instance terminated cleanly.
2026-06-08 16:25:03 [main] INFO  base.BaseTest - Initializing browser automation setup.
2026-06-08 16:25:10 [main] INFO  base.BaseTest - Chrome Browser launched and maximized successfully.
2026-06-08 16:25:10 [main] INFO  base.BaseTest - 🎯 Starting Step 1: Portal Security Regression Sweep (Once).
2026-06-08 16:25:10 [main] INFO  base.BaseTest - Navigating session directly to application index: https://blazedemo.com/index.php
2026-06-08 16:25:17 [main] INFO  base.BaseTest - Injecting hardcoded registration placeholders.
2026-06-08 16:25:19 [main] INFO  base.BaseTest - Triggering manual checkpoint screenshot: Registration_419_Error_Page
2026-06-08 16:25:20 [main] INFO  base.BaseTest - Registration 419 Page Verified Successfully.
2026-06-08 16:25:20 [main] INFO  base.BaseTest - Injecting hardcoded login placeholders.
2026-06-08 16:25:20 [main] INFO  base.BaseTest - Triggering manual checkpoint screenshot: Login_419_Error_Page
2026-06-08 16:25:21 [main] INFO  base.BaseTest - Login 419 Page Verified Successfully.
2026-06-08 16:25:21 [main] INFO  base.BaseTest - Step 1 Complete. Base browser view anchoring cleanly on root landing grid.
2026-06-08 16:25:23 [main] INFO  base.BaseTest - 🛫 Step 2: Selecting Route -> Paris to London
2026-06-08 16:25:25 [main] INFO  base.BaseTest - Starting Step 3: Verifying flight grid selection tables.
2026-06-08 16:25:25 [main] INFO  base.BaseTest - 💵 Step 4: Injecting passenger details for: John##Doe!!
2026-06-08 16:25:27 [main] INFO  base.BaseTest - Triggering manual checkpoint screenshot: FormInputCheckpoint_Passenger_JohnDoe
2026-06-08 16:25:28 [main] INFO  base.BaseTest - Starting Step 5: Asserting completion receipts for passenger: John##Doe!!
2026-06-08 16:25:28 [main] INFO  base.BaseTest - Triggering manual checkpoint screenshot: FinalBookingConfirmationReceipt_JohnDoe
2026-06-08 16:25:29 [main] INFO  base.BaseTest - 🔄 Row 1 complete. Resetting for next dataset.
2026-06-08 16:25:29 [main] INFO  base.BaseTest - 🛫 Step 2: Selecting Route -> Portland to Rome
2026-06-08 16:25:30 [main] INFO  base.BaseTest - Starting Step 3: Verifying flight grid selection tables.
2026-06-08 16:25:31 [main] INFO  base.BaseTest - 💵 Step 4: Injecting passenger details for: Amit_Sharma_$$
2026-06-08 16:25:32 [main] WARN  pages.PurchasePage - Card type 'Mastercard' not found. Defaulting to 'Visa'.
2026-06-08 16:25:32 [main] INFO  base.BaseTest - Triggering manual checkpoint screenshot: FormInputCheckpoint_Passenger_AmitSharma
2026-06-08 16:25:33 [main] INFO  base.BaseTest - Starting Step 5: Asserting completion receipts for passenger: Amit_Sharma_$$
2026-06-08 16:25:33 [main] INFO  base.BaseTest - Triggering manual checkpoint screenshot: FinalBookingConfirmationReceipt_AmitSharma
2026-06-08 16:25:33 [main] INFO  base.BaseTest - 🔄 Row 2 complete. Resetting for next dataset.
2026-06-08 16:25:34 [main] INFO  base.BaseTest - 🛫 Step 2: Selecting Route -> Boston to Berlin
2026-06-08 16:25:35 [main] INFO  base.BaseTest - Starting Step 3: Verifying flight grid selection tables.
2026-06-08 16:25:36 [main] INFO  base.BaseTest - 💵 Step 4: Injecting passenger details for: <Admin>
2026-06-08 16:25:37 [main] WARN  pages.PurchasePage - Card type 'American Express' not found. Defaulting to 'Visa'.
2026-06-08 16:25:38 [main] INFO  base.BaseTest - Triggering manual checkpoint screenshot: FormInputCheckpoint_Passenger_Admin
2026-06-08 16:25:39 [main] INFO  base.BaseTest - Starting Step 5: Asserting completion receipts for passenger: <Admin>
2026-06-08 16:25:39 [main] INFO  base.BaseTest - Triggering manual checkpoint screenshot: FinalBookingConfirmationReceipt_Admin
2026-06-08 16:25:39 [main] INFO  base.BaseTest - 🏁 Success: All rows processed.
2026-06-08 16:25:53 [main] INFO  base.BaseTest - Browser instance terminated cleanly.
2026-06-11 13:02:57 [main] INFO  base.BaseTest - Initializing browser automation setup.
2026-06-11 13:02:57 [main] INFO  base.BaseTest - System environment variable missing: Local Eclipse Sandbox. Launching visible GUI browser panel.
2026-06-11 13:03:15 [main] INFO  base.BaseTest - Chrome Browser instance initialized successfully.
2026-06-11 13:03:15 [main] INFO  base.BaseTest - 🎯 Starting Portal Security Regression Sweep (Once).
2026-06-11 13:03:15 [main] INFO  base.BaseTest - Navigating session directly to application index: https://blazedemo.com/index.php
2026-06-11 13:03:27 [main] INFO  base.BaseTest - Injecting hardcoded registration placeholders.
2026-06-11 13:03:33 [main] INFO  base.BaseTest - Triggering manual checkpoint screenshot: Registration_419_Error_Page
2026-06-11 13:03:35 [main] INFO  base.BaseTest - Registration 419 Page Verified Successfully.
2026-06-11 13:03:36 [main] INFO  base.BaseTest - Injecting hardcoded login placeholders.
2026-06-11 13:03:38 [main] INFO  base.BaseTest - Triggering manual checkpoint screenshot: Login_419_Error_Page
2026-06-11 13:03:39 [main] INFO  base.BaseTest - Login 419 Page Verified Successfully.
2026-06-11 13:03:39 [main] INFO  base.BaseTest - Portal Sweep Complete. Session safely anchored on root landing grid.
2026-06-11 13:03:58 [main] INFO  base.BaseTest - Browser instance terminated cleanly.
2026-06-11 13:03:58 [main] INFO  base.BaseTest - Initializing browser automation setup.
2026-06-11 13:03:58 [main] INFO  base.BaseTest - System environment variable missing: Local Eclipse Sandbox. Launching visible GUI browser panel.
2026-06-11 13:04:02 [main] INFO  base.BaseTest - Chrome Browser instance initialized successfully.
2026-06-11 13:04:02 [main] INFO  base.BaseTest - 📊 Initializing Data Provider Streams for Flight Regression Suite.
2026-06-11 13:04:03 [main] INFO  base.BaseTest - 🛫 Selecting Route -> Paris to London
2026-06-11 13:04:07 [main] INFO  base.BaseTest - Verifying flight grid selection tables.
2026-06-11 13:04:09 [main] INFO  base.BaseTest - 💵 Injecting passenger details for: John##Doe!!
2026-06-11 13:04:10 [main] INFO  base.BaseTest - Triggering manual checkpoint screenshot: FormInputCheckpoint_Passenger_JohnDoe
2026-06-11 13:04:11 [main] INFO  base.BaseTest - Asserting completion receipts for passenger: John##Doe!!
2026-06-11 13:04:11 [main] INFO  base.BaseTest - Triggering manual checkpoint screenshot: FinalBookingConfirmationReceipt_JohnDoe
2026-06-11 13:04:11 [main] INFO  base.BaseTest - 🔄 Row 1 complete. Resetting for next dataset.
2026-06-11 13:04:11 [main] INFO  base.BaseTest - 🛫 Selecting Route -> Portland to Rome
2026-06-11 13:04:13 [main] INFO  base.BaseTest - Verifying flight grid selection tables.
2026-06-11 13:04:14 [main] INFO  base.BaseTest - 💵 Injecting passenger details for: Amit_Sharma_$$
2026-06-11 13:04:15 [main] WARN  pages.PurchasePage - Card type 'Mastercard' not found. Defaulting to 'Visa'.
2026-06-11 13:04:15 [main] INFO  base.BaseTest - Triggering manual checkpoint screenshot: FormInputCheckpoint_Passenger_AmitSharma
2026-06-11 13:04:16 [main] INFO  base.BaseTest - Asserting completion receipts for passenger: Amit_Sharma_$$
2026-06-11 13:04:16 [main] INFO  base.BaseTest - Triggering manual checkpoint screenshot: FinalBookingConfirmationReceipt_AmitSharma
2026-06-11 13:04:17 [main] INFO  base.BaseTest - 🔄 Row 2 complete. Resetting for next dataset.
2026-06-11 13:04:17 [main] INFO  base.BaseTest - 🛫 Selecting Route -> Boston to Berlin
2026-06-11 13:04:19 [main] INFO  base.BaseTest - Verifying flight grid selection tables.
2026-06-11 13:04:20 [main] INFO  base.BaseTest - 💵 Injecting passenger details for: <Admin>
2026-06-11 13:04:21 [main] WARN  pages.PurchasePage - Card type 'American Express' not found. Defaulting to 'Visa'.
2026-06-11 13:04:21 [main] INFO  base.BaseTest - Triggering manual checkpoint screenshot: FormInputCheckpoint_Passenger_Admin
2026-06-11 13:04:22 [main] INFO  base.BaseTest - Asserting completion receipts for passenger: <Admin>
2026-06-11 13:04:23 [main] INFO  base.BaseTest - Triggering manual checkpoint screenshot: FinalBookingConfirmationReceipt_Admin
2026-06-11 13:04:23 [main] INFO  base.BaseTest - 🏁 Success: All rows processed.
2026-06-11 13:04:23 [main] INFO  base.BaseTest - Browser instance terminated cleanly.
2026-06-11 15:38:32 [main] INFO  base.BaseTest - Initializing browser automation setup.
2026-06-11 15:38:32 [main] INFO  base.BaseTest - System environment variable missing: Local Eclipse Sandbox. Launching visible GUI browser panel.
2026-06-11 15:38:50 [main] INFO  base.BaseTest - Chrome Browser instance initialized successfully.
2026-06-11 15:38:50 [main] INFO  base.BaseTest - Starting Portal Security Regression Sweep (Once).
2026-06-11 15:38:50 [main] INFO  base.BaseTest - Navigating session directly to application index: https://blazedemo.com/index.php
2026-06-11 15:39:03 [main] INFO  base.BaseTest - Injecting hardcoded registration placeholders.
2026-06-11 15:39:08 [main] INFO  base.BaseTest - Triggering manual checkpoint screenshot: Registration_419_Error_Page
2026-06-11 15:39:09 [main] INFO  base.BaseTest - Registration 419 Page Verified Successfully.
2026-06-11 15:39:09 [main] INFO  base.BaseTest - Injecting hardcoded login placeholders.
2026-06-11 15:39:11 [main] INFO  base.BaseTest - Triggering manual checkpoint screenshot: Login_419_Error_Page
2026-06-11 15:39:11 [main] INFO  base.BaseTest - Login 419 Page Verified Successfully.
2026-06-11 15:39:11 [main] INFO  base.BaseTest - Portal Sweep Complete. Session safely anchored on root landing grid.
2026-06-11 15:39:18 [main] INFO  base.BaseTest - Browser instance terminated cleanly.
2026-06-11 15:39:18 [main] INFO  base.BaseTest - Initializing browser automation setup.
2026-06-11 15:39:18 [main] INFO  base.BaseTest - System environment variable missing: Local Eclipse Sandbox. Launching visible GUI browser panel.
2026-06-11 15:39:23 [main] INFO  base.BaseTest - Chrome Browser instance initialized successfully.
2026-06-11 15:39:23 [main] INFO  base.BaseTest - 📊 Initializing Data Provider Streams for Flight Regression Suite.
2026-06-11 15:39:26 [main] INFO  base.BaseTest - Selecting Route -> Paris to London
2026-06-11 15:39:30 [main] INFO  base.BaseTest - Verifying flight grid selection tables.
2026-06-11 15:39:32 [main] INFO  base.BaseTest - Injecting passenger details for: John##Doe!!
2026-06-11 15:39:34 [main] INFO  base.BaseTest - Triggering manual checkpoint screenshot: FormInputCheckpoint_Passenger_JohnDoe
2026-06-11 15:39:35 [main] INFO  base.BaseTest - Asserting completion receipts for passenger: John##Doe!!
2026-06-11 15:39:35 [main] INFO  base.BaseTest - Triggering manual checkpoint screenshot: FinalBookingConfirmationReceipt_JohnDoe
2026-06-11 15:39:36 [main] INFO  base.BaseTest - Row 1 complete. Resetting for next dataset.
2026-06-11 15:39:36 [main] INFO  base.BaseTest - Selecting Route -> Portland to Rome
2026-06-11 15:39:38 [main] INFO  base.BaseTest - Verifying flight grid selection tables.
2026-06-11 15:39:39 [main] INFO  base.BaseTest - Injecting passenger details for: Amit_Sharma_$$
2026-06-11 15:39:40 [main] WARN  pages.PurchasePage - Card type 'Mastercard' not found. Defaulting to 'Visa'.
2026-06-11 15:39:40 [main] INFO  base.BaseTest - Triggering manual checkpoint screenshot: FormInputCheckpoint_Passenger_AmitSharma
2026-06-11 15:39:42 [main] INFO  base.BaseTest - Asserting completion receipts for passenger: Amit_Sharma_$$
2026-06-11 15:39:42 [main] INFO  base.BaseTest - Triggering manual checkpoint screenshot: FinalBookingConfirmationReceipt_AmitSharma
2026-06-11 15:39:42 [main] INFO  base.BaseTest - Row 2 complete. Resetting for next dataset.
2026-06-11 15:39:42 [main] INFO  base.BaseTest - Selecting Route -> Boston to Berlin
2026-06-11 15:39:45 [main] INFO  base.BaseTest - Verifying flight grid selection tables.
2026-06-11 15:39:46 [main] INFO  base.BaseTest - Injecting passenger details for: <Admin>
2026-06-11 15:39:49 [main] WARN  pages.PurchasePage - Card type 'American Express' not found. Defaulting to 'Visa'.
2026-06-11 15:39:50 [main] INFO  base.BaseTest - Triggering manual checkpoint screenshot: FormInputCheckpoint_Passenger_Admin
2026-06-11 15:39:51 [main] INFO  base.BaseTest - Asserting completion receipts for passenger: <Admin>
2026-06-11 15:39:52 [main] INFO  base.BaseTest - Triggering manual checkpoint screenshot: FinalBookingConfirmationReceipt_Admin
2026-06-11 15:39:52 [main] INFO  base.BaseTest - Success: All rows processed.
2026-06-11 15:39:55 [main] INFO  base.BaseTest - Browser instance terminated cleanly.
2026-06-13 12:39:58 [main] INFO  base.BaseTest - Initializing browser automation setup.
2026-06-13 12:39:58 [main] INFO  base.BaseTest - Target browser selected from configuration: chrome
2026-06-13 12:39:58 [main] INFO  base.BaseTest - System environment variable missing: Local Eclipse Sandbox. Launching visible GUI Chrome browser.
2026-06-13 12:40:15 [main] INFO  base.BaseTest - Browser instance initialized successfully with implicit wait of 10 seconds.
2026-06-13 12:40:15 [main] INFO  base.BaseTest - Starting Portal Security Regression Sweep (Once).
2026-06-13 12:40:15 [main] INFO  base.BaseTest - Navigating session directly to application index: https://blazedemo.com/index.php
2026-06-13 12:40:21 [main] INFO  base.BaseTest - Injecting hardcoded registration placeholders.
2026-06-13 12:40:23 [main] INFO  base.BaseTest - Triggering manual checkpoint screenshot: Registration_419_Error_Page
2026-06-13 12:40:23 [main] INFO  base.BaseTest - Registration 419 Page Verified Successfully.
2026-06-13 12:40:24 [main] INFO  base.BaseTest - Injecting hardcoded login placeholders.
2026-06-13 12:40:25 [main] INFO  base.BaseTest - Triggering manual checkpoint screenshot: Login_419_Error_Page
2026-06-13 12:40:25 [main] INFO  base.BaseTest - Login 419 Page Verified Successfully.
2026-06-13 12:40:25 [main] INFO  base.BaseTest - Portal Sweep Complete. Session safely anchored on root landing grid.
2026-06-13 12:40:27 [main] INFO  base.BaseTest - Browser instance terminated cleanly.
2026-06-13 12:40:27 [main] INFO  base.BaseTest - Initializing browser automation setup.
2026-06-13 12:40:27 [main] INFO  base.BaseTest - Target browser selected from configuration: chrome
2026-06-13 12:40:27 [main] INFO  base.BaseTest - System environment variable missing: Local Eclipse Sandbox. Launching visible GUI Chrome browser.
2026-06-13 12:40:31 [main] INFO  base.BaseTest - Browser instance initialized successfully with implicit wait of 10 seconds.
2026-06-13 12:40:31 [main] INFO  base.BaseTest - 📊 Initializing Data Provider Streams for Flight Regression Suite.
2026-06-13 12:40:34 [main] INFO  base.BaseTest - Selecting Route -> Paris to London
2026-06-13 12:40:37 [main] INFO  base.BaseTest - Verifying flight grid selection tables.
2026-06-13 12:40:38 [main] INFO  base.BaseTest - Injecting passenger details for: John##Doe!!
2026-06-13 12:40:40 [main] INFO  base.BaseTest - Triggering manual checkpoint screenshot: FormInputCheckpoint_Passenger_JohnDoe
2026-06-13 12:40:41 [main] INFO  base.BaseTest - Asserting completion receipts for passenger: John##Doe!!
2026-06-13 12:40:41 [main] INFO  base.BaseTest - Triggering manual checkpoint screenshot: FinalBookingConfirmationReceipt_JohnDoe
2026-06-13 12:40:42 [main] INFO  base.BaseTest - Row 1 complete. Resetting for next dataset.
2026-06-13 12:40:42 [main] INFO  base.BaseTest - Selecting Route -> Portland to Rome
2026-06-13 12:40:43 [main] INFO  base.BaseTest - Verifying flight grid selection tables.
2026-06-13 12:40:44 [main] INFO  base.BaseTest - Injecting passenger details for: Amit_Sharma_$$
2026-06-13 12:40:56 [main] WARN  pages.PurchasePage - Card type 'Mastercard' not found. Defaulting to 'Visa'.
2026-06-13 12:40:57 [main] INFO  base.BaseTest - Triggering manual checkpoint screenshot: FormInputCheckpoint_Passenger_AmitSharma
2026-06-13 12:40:58 [main] INFO  base.BaseTest - Asserting completion receipts for passenger: Amit_Sharma_$$
2026-06-13 12:40:58 [main] INFO  base.BaseTest - Triggering manual checkpoint screenshot: FinalBookingConfirmationReceipt_AmitSharma
2026-06-13 12:40:58 [main] INFO  base.BaseTest - Row 2 complete. Resetting for next dataset.
2026-06-13 12:40:58 [main] INFO  base.BaseTest - Selecting Route -> Boston to Berlin
2026-06-13 12:41:00 [main] INFO  base.BaseTest - Verifying flight grid selection tables.
2026-06-13 12:41:02 [main] INFO  base.BaseTest - Injecting passenger details for: <Admin>
2026-06-13 12:41:13 [main] WARN  pages.PurchasePage - Card type 'American Express' not found. Defaulting to 'Visa'.
2026-06-13 12:41:14 [main] INFO  base.BaseTest - Triggering manual checkpoint screenshot: FormInputCheckpoint_Passenger_Admin
2026-06-13 12:41:15 [main] INFO  base.BaseTest - Asserting completion receipts for passenger: <Admin>
2026-06-13 12:41:15 [main] INFO  base.BaseTest - Triggering manual checkpoint screenshot: FinalBookingConfirmationReceipt_Admin
2026-06-13 12:41:16 [main] INFO  base.BaseTest - Success: All rows processed.
2026-06-13 12:41:17 [main] INFO  base.BaseTest - Browser instance terminated cleanly.
2026-06-13 16:01:37 [main] INFO  base.BaseTest - Initializing browser automation setup.
2026-06-13 16:01:37 [main] INFO  base.BaseTest - Target browser selected from configuration: chrome
2026-06-13 16:01:37 [main] INFO  base.BaseTest - System environment variable missing: Local Eclipse Sandbox. Launching visible GUI Chrome browser.
2026-06-13 16:01:50 [main] INFO  base.BaseTest - Browser instance initialized successfully with implicit wait of 10 seconds.
2026-06-13 16:01:50 [main] INFO  base.BaseTest - Starting Portal Security Regression Sweep (Once).
2026-06-13 16:01:50 [main] INFO  base.BaseTest - Navigating session directly to application index: https://blazedemo.com/index.php
2026-06-13 16:01:54 [main] INFO  base.BaseTest - Injecting hardcoded registration placeholders.
2026-06-13 16:01:57 [main] INFO  base.BaseTest - Triggering manual checkpoint screenshot: Registration_419_Error_Page
2026-06-13 16:01:58 [main] INFO  base.BaseTest - Browser instance terminated cleanly.
2026-06-13 16:01:58 [main] INFO  base.BaseTest - Initializing browser automation setup.
2026-06-13 16:01:58 [main] INFO  base.BaseTest - Target browser selected from configuration: chrome
2026-06-13 16:01:58 [main] INFO  base.BaseTest - System environment variable missing: Local Eclipse Sandbox. Launching visible GUI Chrome browser.
2026-06-13 16:02:00 [main] INFO  base.BaseTest - Browser instance initialized successfully with implicit wait of 10 seconds.
2026-06-13 16:02:00 [main] INFO  base.BaseTest - 📊 Initializing Data Provider Streams for Flight Regression Suite.
2026-06-13 16:02:02 [main] INFO  base.BaseTest - Selecting Route -> Paris to London
2026-06-13 16:02:05 [main] INFO  base.BaseTest - Verifying flight grid selection tables.
2026-06-13 16:02:05 [main] INFO  base.BaseTest - Injecting passenger details for: John##Doe!!
2026-06-13 16:02:07 [main] INFO  base.BaseTest - Triggering manual checkpoint screenshot: FormInputCheckpoint_Passenger_JohnDoe
2026-06-13 16:02:08 [main] INFO  base.BaseTest - Asserting completion receipts for passenger: John##Doe!!
2026-06-13 16:02:08 [main] INFO  base.BaseTest - Triggering manual checkpoint screenshot: FinalBookingConfirmationReceipt_JohnDoe
2026-06-13 16:02:08 [main] INFO  base.BaseTest - Row 1 complete. Resetting for next dataset.
2026-06-13 16:02:08 [main] INFO  base.BaseTest - Selecting Route -> Portland to Rome
2026-06-13 16:02:09 [main] INFO  base.BaseTest - Verifying flight grid selection tables.
2026-06-13 16:02:10 [main] INFO  base.BaseTest - Injecting passenger details for: Amit_Sharma_$$
2026-06-13 16:02:21 [main] WARN  pages.PurchasePage - Card type 'Mastercard' not found. Defaulting to 'Visa'.
2026-06-13 16:02:21 [main] INFO  base.BaseTest - Triggering manual checkpoint screenshot: FormInputCheckpoint_Passenger_AmitSharma
2026-06-13 16:02:22 [main] INFO  base.BaseTest - Asserting completion receipts for passenger: Amit_Sharma_$$
2026-06-13 16:02:22 [main] INFO  base.BaseTest - Triggering manual checkpoint screenshot: FinalBookingConfirmationReceipt_AmitSharma
2026-06-13 16:02:22 [main] INFO  base.BaseTest - Row 2 complete. Resetting for next dataset.
2026-06-13 16:02:22 [main] INFO  base.BaseTest - Selecting Route -> Boston to Berlin
2026-06-13 16:02:25 [main] INFO  base.BaseTest - Verifying flight grid selection tables.
2026-06-13 16:02:26 [main] INFO  base.BaseTest - Injecting passenger details for: <Admin>
2026-06-13 16:02:37 [main] WARN  pages.PurchasePage - Card type 'American Express' not found. Defaulting to 'Visa'.
2026-06-13 16:02:38 [main] INFO  base.BaseTest - Triggering manual checkpoint screenshot: FormInputCheckpoint_Passenger_Admin
2026-06-13 16:02:38 [main] INFO  base.BaseTest - Asserting completion receipts for passenger: <Admin>
2026-06-13 16:02:38 [main] INFO  base.BaseTest - Triggering manual checkpoint screenshot: FinalBookingConfirmationReceipt_Admin
2026-06-13 16:02:39 [main] INFO  base.BaseTest - Success: All rows processed.
2026-06-13 16:02:39 [main] INFO  base.BaseTest - Browser instance terminated cleanly.
2026-06-13 16:06:51 [main] INFO  base.BaseTest - Initializing browser automation setup.
2026-06-13 16:06:51 [main] INFO  base.BaseTest - Target browser selected from configuration: chrome
2026-06-13 16:06:51 [main] INFO  base.BaseTest - System environment variable missing: Local Eclipse Sandbox. Launching visible GUI Chrome browser.
2026-06-13 16:06:56 [main] INFO  base.BaseTest - Browser instance initialized successfully with implicit wait of 10 seconds.
2026-06-13 16:06:56 [main] INFO  base.BaseTest - Starting Portal Security Regression Sweep (Once).
2026-06-13 16:06:56 [main] INFO  base.BaseTest - Navigating session directly to application index: https://blazedemo.com/index.php
2026-06-13 16:07:00 [main] INFO  base.BaseTest - Injecting hardcoded registration placeholders.
2026-06-13 16:07:02 [main] INFO  base.BaseTest - Triggering manual checkpoint screenshot: Registration_419_Error_Page
2026-06-13 16:07:02 [main] INFO  base.BaseTest - Registration 419 Page Verified Successfully.
2026-06-13 16:07:02 [main] INFO  base.BaseTest - Injecting hardcoded login placeholders.
2026-06-13 16:07:03 [main] INFO  base.BaseTest - Triggering manual checkpoint screenshot: Login_419_Error_Page
2026-06-13 16:07:03 [main] INFO  base.BaseTest - Login 419 Page Verified Successfully.
2026-06-13 16:07:04 [main] INFO  base.BaseTest - Portal Sweep Complete. Session safely anchored on root landing grid.
2026-06-13 16:07:04 [main] INFO  base.BaseTest - Browser instance terminated cleanly.
2026-06-13 16:07:04 [main] INFO  base.BaseTest - Initializing browser automation setup.
2026-06-13 16:07:04 [main] INFO  base.BaseTest - Target browser selected from configuration: chrome
2026-06-13 16:07:04 [main] INFO  base.BaseTest - System environment variable missing: Local Eclipse Sandbox. Launching visible GUI Chrome browser.
2026-06-13 16:07:07 [main] INFO  base.BaseTest - Browser instance initialized successfully with implicit wait of 10 seconds.
2026-06-13 16:07:07 [main] INFO  base.BaseTest - 📊 Initializing Data Provider Streams for Flight Regression Suite.
2026-06-13 16:07:08 [main] INFO  base.BaseTest - Selecting Route -> Paris to London
2026-06-13 16:07:11 [main] INFO  base.BaseTest - Verifying flight grid selection tables.
2026-06-13 16:07:11 [main] INFO  base.BaseTest - Injecting passenger details for: John##Doe!!
2026-06-13 16:07:12 [main] INFO  base.BaseTest - Triggering manual checkpoint screenshot: FormInputCheckpoint_Passenger_JohnDoe
2026-06-13 16:07:13 [main] INFO  base.BaseTest - Asserting completion receipts for passenger: John##Doe!!
2026-06-13 16:07:13 [main] INFO  base.BaseTest - Triggering manual checkpoint screenshot: FinalBookingConfirmationReceipt_JohnDoe
2026-06-13 16:07:13 [main] INFO  base.BaseTest - Row 1 complete. Resetting for next dataset.
2026-06-13 16:07:13 [main] INFO  base.BaseTest - Selecting Route -> Portland to Rome
2026-06-13 16:07:15 [main] INFO  base.BaseTest - Verifying flight grid selection tables.
2026-06-13 16:07:15 [main] INFO  base.BaseTest - Injecting passenger details for: Amit_Sharma_$$
2026-06-13 16:07:26 [main] WARN  pages.PurchasePage - Card type 'Mastercard' not found. Defaulting to 'Visa'.
2026-06-13 16:07:26 [main] INFO  base.BaseTest - Triggering manual checkpoint screenshot: FormInputCheckpoint_Passenger_AmitSharma
2026-06-13 16:07:27 [main] INFO  base.BaseTest - Asserting completion receipts for passenger: Amit_Sharma_$$
2026-06-13 16:07:27 [main] INFO  base.BaseTest - Triggering manual checkpoint screenshot: FinalBookingConfirmationReceipt_AmitSharma
2026-06-13 16:07:27 [main] INFO  base.BaseTest - Row 2 complete. Resetting for next dataset.
2026-06-13 16:07:27 [main] INFO  base.BaseTest - Selecting Route -> Boston to Berlin
2026-06-13 16:07:29 [main] INFO  base.BaseTest - Verifying flight grid selection tables.
2026-06-13 16:07:30 [main] INFO  base.BaseTest - Injecting passenger details for: <Admin>
2026-06-13 16:07:41 [main] WARN  pages.PurchasePage - Card type 'American Express' not found. Defaulting to 'Visa'.
2026-06-13 16:07:41 [main] INFO  base.BaseTest - Triggering manual checkpoint screenshot: FormInputCheckpoint_Passenger_Admin
2026-06-13 16:07:42 [main] INFO  base.BaseTest - Asserting completion receipts for passenger: <Admin>
2026-06-13 16:07:42 [main] INFO  base.BaseTest - Triggering manual checkpoint screenshot: FinalBookingConfirmationReceipt_Admin
2026-06-13 16:07:42 [main] INFO  base.BaseTest - Success: All rows processed.
2026-06-13 16:07:43 [main] INFO  base.BaseTest - Browser instance terminated cleanly.
2026-06-14 20:08:41 [main] INFO  base.BaseTest - Initializing browser automation setup.
2026-06-14 20:08:41 [main] INFO  base.BaseTest - Target browser selected from configuration: chrome
2026-06-14 20:08:41 [main] INFO  base.BaseTest - System environment variable missing: Local Eclipse Sandbox. Launching visible GUI Chrome browser.
2026-06-14 20:08:46 [main] INFO  base.BaseTest - Browser instance initialized successfully with implicit wait of 10 seconds.
2026-06-14 20:08:46 [main] INFO  base.BaseTest - Starting Portal Security Regression Sweep (Once).
2026-06-14 20:08:46 [main] INFO  base.BaseTest - Navigating session directly to application index: https://blazedemo.com/index.php
2026-06-14 20:08:50 [main] INFO  base.BaseTest - Injecting hardcoded registration placeholders.
2026-06-14 20:08:52 [main] INFO  base.BaseTest - Triggering manual checkpoint screenshot: Registration_419_Error_Page
2026-06-14 20:08:52 [main] INFO  base.BaseTest - Registration 419 Page Verified Successfully.
2026-06-14 20:08:53 [main] INFO  base.BaseTest - Injecting hardcoded login placeholders.
2026-06-14 20:08:54 [main] INFO  base.BaseTest - Triggering manual checkpoint screenshot: Login_419_Error_Page
2026-06-14 20:08:54 [main] INFO  base.BaseTest - Login 419 Page Verified Successfully.
2026-06-14 20:08:54 [main] INFO  base.BaseTest - Portal Sweep Complete. Session safely anchored on root landing grid.
2026-06-14 20:08:55 [main] INFO  base.BaseTest - Browser instance terminated cleanly.
2026-06-14 20:08:55 [main] INFO  base.BaseTest - Initializing browser automation setup.
2026-06-14 20:08:55 [main] INFO  base.BaseTest - Target browser selected from configuration: chrome
2026-06-14 20:08:55 [main] INFO  base.BaseTest - System environment variable missing: Local Eclipse Sandbox. Launching visible GUI Chrome browser.
2026-06-14 20:08:57 [main] INFO  base.BaseTest - Browser instance initialized successfully with implicit wait of 10 seconds.
2026-06-14 20:08:57 [main] INFO  base.BaseTest - 📊 Initializing Data Provider Streams for Flight Regression Suite.
2026-06-14 20:08:58 [main] INFO  base.BaseTest - Selecting Route -> Paris to London
2026-06-14 20:09:00 [main] INFO  base.BaseTest - Verifying flight grid selection tables.
2026-06-14 20:09:01 [main] INFO  base.BaseTest - Injecting passenger details for: John##Doe!!
2026-06-14 20:09:03 [main] INFO  base.BaseTest - Triggering manual checkpoint screenshot: FormInputCheckpoint_Passenger_JohnDoe
2026-06-14 20:09:03 [main] INFO  base.BaseTest - Asserting completion receipts for passenger: John##Doe!!
2026-06-14 20:09:04 [main] INFO  base.BaseTest - Triggering manual checkpoint screenshot: FinalBookingConfirmationReceipt_JohnDoe
2026-06-14 20:09:04 [main] INFO  base.BaseTest - Row 1 complete. Resetting for next dataset.
2026-06-14 20:09:04 [main] INFO  base.BaseTest - Selecting Route -> Portland to Rome
2026-06-14 20:09:05 [main] INFO  base.BaseTest - Verifying flight grid selection tables.
2026-06-14 20:09:06 [main] INFO  base.BaseTest - Injecting passenger details for: Amit_Sharma_$$
2026-06-14 20:09:17 [main] WARN  pages.PurchasePage - Card type 'Mastercard' not found. Defaulting to 'Visa'.
2026-06-14 20:09:18 [main] INFO  base.BaseTest - Triggering manual checkpoint screenshot: FormInputCheckpoint_Passenger_AmitSharma
2026-06-14 20:09:19 [main] INFO  base.BaseTest - Asserting completion receipts for passenger: Amit_Sharma_$$
2026-06-14 20:09:19 [main] INFO  base.BaseTest - Triggering manual checkpoint screenshot: FinalBookingConfirmationReceipt_AmitSharma
2026-06-14 20:09:19 [main] INFO  base.BaseTest - Row 2 complete. Resetting for next dataset.
2026-06-14 20:09:19 [main] INFO  base.BaseTest - Selecting Route -> Boston to Berlin
2026-06-14 20:09:21 [main] INFO  base.BaseTest - Verifying flight grid selection tables.
2026-06-14 20:09:21 [main] INFO  base.BaseTest - Injecting passenger details for: <Admin>
2026-06-14 20:09:33 [main] WARN  pages.PurchasePage - Card type 'American Express' not found. Defaulting to 'Visa'.
2026-06-14 20:09:33 [main] INFO  base.BaseTest - Triggering manual checkpoint screenshot: FormInputCheckpoint_Passenger_Admin
2026-06-14 20:09:34 [main] INFO  base.BaseTest - Asserting completion receipts for passenger: <Admin>
2026-06-14 20:09:34 [main] INFO  base.BaseTest - Triggering manual checkpoint screenshot: FinalBookingConfirmationReceipt_Admin
2026-06-14 20:09:34 [main] INFO  base.BaseTest - Success: All rows processed.
2026-06-14 20:09:35 [main] INFO  base.BaseTest - Browser instance terminated cleanly.
2026-06-14 20:50:11 [main] INFO  base.BaseTest - Initializing browser automation setup.
2026-06-14 20:50:11 [main] INFO  base.BaseTest - Target browser selected from configuration: chrome
2026-06-14 20:50:11 [main] INFO  base.BaseTest - System environment variable missing: Local Eclipse Sandbox. Launching visible GUI Chrome browser.
2026-06-14 20:50:18 [main] INFO  base.BaseTest - Browser instance initialized successfully with implicit wait of 10 seconds.
2026-06-14 20:50:18 [main] INFO  base.BaseTest - Starting Portal Security Regression Sweep (Once).
2026-06-14 20:50:18 [main] INFO  base.BaseTest - Navigating session directly to application index: https://blazedemo.com/index.php
2026-06-14 20:50:25 [main] INFO  base.BaseTest - Injecting hardcoded registration placeholders.
2026-06-14 20:50:28 [main] INFO  base.BaseTest - Triggering manual checkpoint screenshot: Registration_419_Error_Page
2026-06-14 20:50:28 [main] INFO  base.BaseTest - Registration 419 Page Verified Successfully.
2026-06-14 20:50:28 [main] INFO  base.BaseTest - Injecting hardcoded login placeholders.
2026-06-14 20:50:30 [main] INFO  base.BaseTest - Triggering manual checkpoint screenshot: Login_419_Error_Page
2026-06-14 20:50:30 [main] INFO  base.BaseTest - Login 419 Page Verified Successfully.
2026-06-14 20:50:30 [main] INFO  base.BaseTest - Portal Sweep Complete. Session safely anchored on root landing grid.
2026-06-14 20:50:31 [main] INFO  base.BaseTest - Browser instance terminated cleanly.
2026-06-14 20:50:31 [main] INFO  base.BaseTest - Initializing browser automation setup.
2026-06-14 20:50:31 [main] INFO  base.BaseTest - Target browser selected from configuration: chrome
2026-06-14 20:50:31 [main] INFO  base.BaseTest - System environment variable missing: Local Eclipse Sandbox. Launching visible GUI Chrome browser.
2026-06-14 20:50:34 [main] INFO  base.BaseTest - Browser instance initialized successfully with implicit wait of 10 seconds.
2026-06-14 20:50:34 [main] INFO  base.BaseTest - 📊 Initializing Data Provider Streams for Flight Regression Suite.
2026-06-14 20:50:36 [main] INFO  base.BaseTest - Selecting Route -> Paris to London
2026-06-14 20:50:39 [main] INFO  base.BaseTest - Verifying flight grid selection tables.
2026-06-14 20:50:40 [main] INFO  base.BaseTest - Injecting passenger details for: John##Doe!!
2026-06-14 20:50:42 [main] INFO  base.BaseTest - Triggering manual checkpoint screenshot: FormInputCheckpoint_Passenger_JohnDoe
2026-06-14 20:50:42 [main] INFO  base.BaseTest - Asserting completion receipts for passenger: John##Doe!!
2026-06-14 20:50:43 [main] INFO  base.BaseTest - Triggering manual checkpoint screenshot: FinalBookingConfirmationReceipt_JohnDoe
2026-06-14 20:50:43 [main] INFO  base.BaseTest - Row 1 complete. Resetting for next dataset.
2026-06-14 20:50:43 [main] INFO  base.BaseTest - Selecting Route -> Portland to Rome
2026-06-14 20:50:44 [main] INFO  base.BaseTest - Verifying flight grid selection tables.
2026-06-14 20:50:45 [main] INFO  base.BaseTest - Injecting passenger details for: Amit_Sharma_$$
2026-06-14 20:50:56 [main] WARN  pages.PurchasePage - Card type 'Mastercard' not found. Defaulting to 'Visa'.
2026-06-14 20:50:57 [main] INFO  base.BaseTest - Triggering manual checkpoint screenshot: FormInputCheckpoint_Passenger_AmitSharma
2026-06-14 20:50:58 [main] INFO  base.BaseTest - Asserting completion receipts for passenger: Amit_Sharma_$$
2026-06-14 20:50:58 [main] INFO  base.BaseTest - Triggering manual checkpoint screenshot: FinalBookingConfirmationReceipt_AmitSharma
2026-06-14 20:50:58 [main] INFO  base.BaseTest - Row 2 complete. Resetting for next dataset.
2026-06-14 20:50:58 [main] INFO  base.BaseTest - Selecting Route -> Boston to Berlin
2026-06-14 20:51:00 [main] INFO  base.BaseTest - Verifying flight grid selection tables.
2026-06-14 20:51:01 [main] INFO  base.BaseTest - Injecting passenger details for: <Admin>
2026-06-14 20:51:12 [main] WARN  pages.PurchasePage - Card type 'American Express' not found. Defaulting to 'Visa'.
2026-06-14 20:51:12 [main] INFO  base.BaseTest - Triggering manual checkpoint screenshot: FormInputCheckpoint_Passenger_Admin
2026-06-14 20:51:13 [main] INFO  base.BaseTest - Asserting completion receipts for passenger: <Admin>
2026-06-14 20:51:14 [main] INFO  base.BaseTest - Triggering manual checkpoint screenshot: FinalBookingConfirmationReceipt_Admin
2026-06-14 20:51:14 [main] INFO  base.BaseTest - Success: All rows processed.
2026-06-14 20:51:14 [main] INFO  base.BaseTest - Browser instance terminated cleanly.
2026-06-14 21:15:38 [main] INFO  base.BaseTest - Initializing browser automation setup.
2026-06-14 21:15:38 [main] INFO  base.BaseTest - Target browser selected from configuration: chrome
2026-06-14 21:15:38 [main] INFO  base.BaseTest - System environment variable missing: Local Eclipse Sandbox. Launching visible GUI Chrome browser.
2026-06-14 21:15:49 [main] INFO  base.BaseTest - Browser instance initialized successfully with implicit wait of 10 seconds.
2026-06-14 21:15:50 [main] INFO  base.BaseTest - Starting Portal Security Regression Sweep (Once).
2026-06-14 21:15:50 [main] INFO  base.BaseTest - Navigating session directly to application index: https://blazedemo.com/index.php
2026-06-14 21:16:00 [main] INFO  base.BaseTest - Injecting hardcoded registration placeholders.
2026-06-14 21:16:02 [main] INFO  base.BaseTest - Triggering manual checkpoint screenshot: Registration_419_Error_Page
2026-06-14 21:16:02 [main] INFO  base.BaseTest - Registration 419 Page Verified Successfully.
2026-06-14 21:16:02 [main] INFO  base.BaseTest - Injecting hardcoded login placeholders.
2026-06-14 21:16:03 [main] INFO  base.BaseTest - Triggering manual checkpoint screenshot: Login_419_Error_Page
2026-06-14 21:16:04 [main] INFO  base.BaseTest - Login 419 Page Verified Successfully.
2026-06-14 21:16:04 [main] INFO  base.BaseTest - Portal Sweep Complete. Session safely anchored on root landing grid.
2026-06-14 21:16:05 [main] INFO  base.BaseTest - Browser instance terminated cleanly.
2026-06-14 21:16:05 [main] INFO  base.BaseTest - Initializing browser automation setup.
2026-06-14 21:16:05 [main] INFO  base.BaseTest - Target browser selected from configuration: chrome
2026-06-14 21:16:05 [main] INFO  base.BaseTest - System environment variable missing: Local Eclipse Sandbox. Launching visible GUI Chrome browser.
2026-06-14 21:16:07 [main] INFO  base.BaseTest - Browser instance initialized successfully with implicit wait of 10 seconds.
2026-06-14 21:16:07 [main] INFO  base.BaseTest - 📊 Initializing Data Provider Streams for Flight Regression Suite.
2026-06-14 21:16:10 [main] INFO  base.BaseTest - Selecting Route -> Paris to London
2026-06-14 21:16:13 [main] INFO  base.BaseTest - Verifying flight grid selection tables.
2026-06-14 21:16:14 [main] INFO  base.BaseTest - Injecting passenger details for: John##Doe!!
2026-06-14 21:16:16 [main] INFO  base.BaseTest - Triggering manual checkpoint screenshot: FormInputCheckpoint_Passenger_JohnDoe
2026-06-14 21:16:17 [main] INFO  base.BaseTest - Asserting completion receipts for passenger: John##Doe!!
2026-06-14 21:16:17 [main] INFO  base.BaseTest - Triggering manual checkpoint screenshot: FinalBookingConfirmationReceipt_JohnDoe
2026-06-14 21:16:17 [main] INFO  base.BaseTest - Row 1 complete. Resetting for next dataset.
2026-06-14 21:16:17 [main] INFO  base.BaseTest - Selecting Route -> Portland to Rome
2026-06-14 21:16:19 [main] INFO  base.BaseTest - Verifying flight grid selection tables.
2026-06-14 21:16:20 [main] INFO  base.BaseTest - Injecting passenger details for: Amit_Sharma_$$
2026-06-14 21:16:31 [main] WARN  pages.PurchasePage - Card type 'Mastercard' not found. Defaulting to 'Visa'.
2026-06-14 21:16:32 [main] INFO  base.BaseTest - Triggering manual checkpoint screenshot: FormInputCheckpoint_Passenger_AmitSharma
2026-06-14 21:16:33 [main] INFO  base.BaseTest - Asserting completion receipts for passenger: Amit_Sharma_$$
2026-06-14 21:16:33 [main] INFO  base.BaseTest - Triggering manual checkpoint screenshot: FinalBookingConfirmationReceipt_AmitSharma
2026-06-14 21:16:33 [main] INFO  base.BaseTest - Row 2 complete. Resetting for next dataset.
2026-06-14 21:16:33 [main] INFO  base.BaseTest - Selecting Route -> Boston to Berlin
2026-06-14 21:16:35 [main] INFO  base.BaseTest - Verifying flight grid selection tables.
2026-06-14 21:16:36 [main] INFO  base.BaseTest - Injecting passenger details for: <Admin>
2026-06-14 21:16:48 [main] WARN  pages.PurchasePage - Card type 'American Express' not found. Defaulting to 'Visa'.
2026-06-14 21:16:48 [main] INFO  base.BaseTest - Triggering manual checkpoint screenshot: FormInputCheckpoint_Passenger_Admin
2026-06-14 21:16:50 [main] INFO  base.BaseTest - Asserting completion receipts for passenger: <Admin>
2026-06-14 21:16:51 [main] INFO  base.BaseTest - Triggering manual checkpoint screenshot: FinalBookingConfirmationReceipt_Admin
2026-06-14 21:16:51 [main] INFO  base.BaseTest - Success: All rows processed.
2026-06-14 21:16:52 [main] INFO  base.BaseTest - Browser instance terminated cleanly.
2026-06-15 10:59:42 [main] INFO  base.BaseTest - Initializing browser automation setup.
2026-06-15 10:59:42 [main] INFO  base.BaseTest - Target browser selected from configuration: chrome
2026-06-15 10:59:42 [main] INFO  base.BaseTest - System environment variable missing: Local Eclipse Sandbox. Launching visible GUI Chrome browser.
2026-06-15 10:59:48 [main] INFO  base.BaseTest - Browser instance initialized successfully with implicit wait of 10 seconds.
2026-06-15 10:59:48 [main] INFO  base.BaseTest - Starting Portal Security Regression Sweep (Once).
2026-06-15 10:59:48 [main] INFO  base.BaseTest - Navigating directly to application index: https://blazedemo.com/index.php
2026-06-15 10:59:54 [main] INFO  base.BaseTest - Injecting hardcoded registration placeholders.
2026-06-15 10:59:56 [main] INFO  base.BaseTest - Triggering manual checkpoint screenshot: Registration_419_Error_Page
2026-06-15 10:59:56 [main] INFO  base.BaseTest - Known error : Registration 419 Page.
2026-06-15 10:59:56 [main] INFO  base.BaseTest - Injecting hardcoded login placeholders.
2026-06-15 10:59:57 [main] INFO  base.BaseTest - Triggering manual checkpoint screenshot: Login_419_Error_Page
2026-06-15 10:59:57 [main] INFO  base.BaseTest - Known error : 419 Page.
2026-06-15 10:59:57 [main] INFO  base.BaseTest - Portal Sweep Complete.
2026-06-15 10:59:58 [main] INFO  base.BaseTest - Browser instance terminated cleanly.
2026-06-15 10:59:58 [main] INFO  base.BaseTest - Initializing browser automation setup.
2026-06-15 10:59:58 [main] INFO  base.BaseTest - Target browser selected from configuration: chrome
2026-06-15 10:59:58 [main] INFO  base.BaseTest - System environment variable missing: Local Eclipse Sandbox. Launching visible GUI Chrome browser.
2026-06-15 11:00:01 [main] INFO  base.BaseTest - Browser instance initialized successfully with implicit wait of 10 seconds.
2026-06-15 11:00:01 [main] INFO  base.BaseTest - Selecting Route -> Paris to London
2026-06-15 11:00:05 [main] INFO  base.BaseTest - Initializing browser automation setup.
2026-06-15 11:00:05 [main] INFO  base.BaseTest - Target browser selected from configuration: chrome
2026-06-15 11:00:05 [main] INFO  base.BaseTest - System environment variable missing: Local Eclipse Sandbox. Launching visible GUI Chrome browser.
2026-06-15 11:00:09 [main] INFO  base.BaseTest - Browser instance initialized successfully with implicit wait of 10 seconds.
2026-06-15 11:00:09 [main] INFO  base.BaseTest - Selecting Route -> Boston to Berlin
2026-06-15 11:00:12 [main] INFO  base.BaseTest - Initializing browser automation setup.
2026-06-15 11:00:12 [main] INFO  base.BaseTest - Target browser selected from configuration: chrome
2026-06-15 11:00:12 [main] INFO  base.BaseTest - System environment variable missing: Local Eclipse Sandbox. Launching visible GUI Chrome browser.
2026-06-15 11:00:15 [main] INFO  base.BaseTest - Browser instance initialized successfully with implicit wait of 10 seconds.
2026-06-15 11:00:15 [main] INFO  base.BaseTest - Selecting Route -> Portland to Rome
2026-06-15 11:00:24 [main] INFO  base.BaseTest - Verifying flight grid selection table.
2026-06-15 11:00:25 [main] INFO  base.BaseTest - Verifying flight grid selection table.
2026-06-15 11:00:27 [main] INFO  base.BaseTest - Verifying flight grid selection table.
2026-06-15 11:00:29 [main] INFO  base.BaseTest - Filling passenger details for: John##Doe!!
2026-06-15 11:00:32 [main] INFO  base.BaseTest - Triggering manual checkpoint screenshot: FormInputCheckpoint_Passenger_JohnDoe
2026-06-15 11:00:34 [main] INFO  base.BaseTest - Filling passenger details for: <Admin>
2026-06-15 11:00:46 [main] WARN  pages.PurchasePage - Card type 'American Express' not found. Defaulting to 'Visa'.
2026-06-15 11:00:47 [main] INFO  base.BaseTest - Triggering manual checkpoint screenshot: FormInputCheckpoint_Passenger_Admin
2026-06-15 11:00:47 [main] INFO  base.BaseTest - Filling passenger details for: Amit_Sharma_$$
2026-06-15 11:00:58 [main] WARN  pages.PurchasePage - Card type 'Mastercard' not found. Defaulting to 'Visa'.
2026-06-15 11:00:59 [main] INFO  base.BaseTest - Triggering manual checkpoint screenshot: FormInputCheckpoint_Passenger_AmitSharma
2026-06-15 11:01:00 [main] INFO  base.BaseTest - Asserting completion receipts for passenger: John##Doe!!
2026-06-15 11:01:00 [main] INFO  base.BaseTest - Triggering manual checkpoint screenshot: FinalBookingConfirmationReceipt_JohnDoe
2026-06-15 11:01:01 [main] INFO  base.BaseTest - Browser instance terminated cleanly.
2026-06-15 11:01:01 [main] INFO  base.BaseTest - Asserting completion receipts for passenger: <Admin>
2026-06-15 11:01:01 [main] INFO  base.BaseTest - Triggering manual checkpoint screenshot: FinalBookingConfirmationReceipt_Admin
2026-06-15 11:01:01 [main] INFO  base.BaseTest - Browser instance terminated cleanly.
2026-06-15 11:01:02 [main] INFO  base.BaseTest - Asserting completion receipts for passenger: Amit_Sharma_$$
2026-06-15 11:01:02 [main] INFO  base.BaseTest - Triggering manual checkpoint screenshot: FinalBookingConfirmationReceipt_AmitSharma
2026-06-15 11:01:03 [main] INFO  base.BaseTest - Browser instance terminated cleanly.
